2025-09-27 07:11:26,632 - INFO - Starting training for model: model1
2025-09-27 07:11:26,632 - INFO - Using device: cpu
2025-09-27 07:11:26,632 - INFO - Created output directory: model1/
2025-09-27 07:11:26,633 - INFO - ============================================================
2025-09-27 07:11:26,633 - INFO - MNIST Training Configuration
2025-09-27 07:11:26,633 - INFO - ============================================================
2025-09-27 07:11:26,633 - INFO - batch_size: 32
2025-09-27 07:11:26,633 - INFO - epochs: 15
2025-09-27 07:11:26,633 - INFO - lr: 0.001
2025-09-27 07:11:26,633 - INFO - weight_decay: 0.0001
2025-09-27 07:11:26,633 - INFO - scheduler: plateau
2025-09-27 07:11:26,633 - INFO - patience: 3
2025-09-27 07:11:26,633 - INFO - factor: 0.5
2025-09-27 07:11:26,633 - INFO - min_lr: 1e-06
2025-09-27 07:11:26,633 - INFO - dropout: (0.05, 0.05, 0.05)
2025-09-27 07:11:26,633 - INFO - ============================================================
2025-09-27 07:11:26,633 - INFO - 
Loading MNIST dataset...
2025-09-27 07:11:26,649 - INFO - Train samples: 60000
2025-09-27 07:11:26,649 - INFO - Test samples: 10000
2025-09-27 07:11:26,649 - INFO - 
============================================================
2025-09-27 07:11:26,649 - INFO - MODEL ARCHITECTURE SUMMARY
2025-09-27 07:11:26,649 - INFO - ============================================================
2025-09-27 07:11:26,649 - INFO - Model parameters: 9,412
2025-09-27 07:11:26,649 - INFO - Dropout rates: (0.05, 0.05, 0.05)
2025-09-27 07:11:26,649 - INFO - 
Detailed Model Summary:
2025-09-27 07:11:26,651 - INFO - 
============================================================
2025-09-27 07:11:26,652 - INFO - TRAINING STARTED
2025-09-27 07:11:26,652 - INFO - ============================================================
2025-09-27 07:11:26,652 - INFO - 
Epoch [1/15]
2025-09-27 07:11:26,652 - INFO - Learning Rate: 0.001000
2025-09-27 07:11:53,033 - INFO - 
--------------------------------------------------
2025-09-27 07:11:53,033 - INFO - EPOCH SUMMARY
2025-09-27 07:11:53,033 - INFO - --------------------------------------------------
2025-09-27 07:11:53,033 - INFO - Train Loss: 0.4610 | Train Acc: 86.83%
2025-09-27 07:11:53,033 - INFO - Test Loss:  0.0597 | Test Acc:  98.35%
2025-09-27 07:11:53,033 - INFO - Learning Rate: 0.001000
2025-09-27 07:11:53,033 - INFO - --------------------------------------------------
2025-09-27 07:11:53,033 - INFO - 
Epoch [2/15]
2025-09-27 07:11:53,033 - INFO - Learning Rate: 0.001000
2025-09-27 07:12:19,325 - INFO - 
--------------------------------------------------
2025-09-27 07:12:19,325 - INFO - EPOCH SUMMARY
2025-09-27 07:12:19,325 - INFO - --------------------------------------------------
2025-09-27 07:12:19,325 - INFO - Train Loss: 0.0931 | Train Acc: 97.25%
2025-09-27 07:12:19,325 - INFO - Test Loss:  0.0475 | Test Acc:  98.68%
2025-09-27 07:12:19,325 - INFO - Learning Rate: 0.001000
2025-09-27 07:12:19,325 - INFO - --------------------------------------------------
2025-09-27 07:12:19,325 - INFO - 
Epoch [3/15]
2025-09-27 07:12:19,325 - INFO - Learning Rate: 0.001000
2025-09-27 07:12:44,147 - INFO - 
--------------------------------------------------
2025-09-27 07:12:44,147 - INFO - EPOCH SUMMARY
2025-09-27 07:12:44,147 - INFO - --------------------------------------------------
2025-09-27 07:12:44,147 - INFO - Train Loss: 0.0726 | Train Acc: 97.84%
2025-09-27 07:12:44,147 - INFO - Test Loss:  0.0453 | Test Acc:  98.70%
2025-09-27 07:12:44,147 - INFO - Learning Rate: 0.001000
2025-09-27 07:12:44,147 - INFO - --------------------------------------------------
2025-09-27 07:12:44,147 - INFO - 
Epoch [4/15]
2025-09-27 07:12:44,147 - INFO - Learning Rate: 0.001000
2025-09-27 07:13:08,966 - INFO - 
--------------------------------------------------
2025-09-27 07:13:08,966 - INFO - EPOCH SUMMARY
2025-09-27 07:13:08,966 - INFO - --------------------------------------------------
2025-09-27 07:13:08,966 - INFO - Train Loss: 0.0622 | Train Acc: 98.13%
2025-09-27 07:13:08,966 - INFO - Test Loss:  0.0347 | Test Acc:  98.89%
2025-09-27 07:13:08,966 - INFO - Learning Rate: 0.001000
2025-09-27 07:13:08,966 - INFO - --------------------------------------------------
2025-09-27 07:13:08,966 - INFO - 
Epoch [5/15]
2025-09-27 07:13:08,966 - INFO - Learning Rate: 0.001000
2025-09-27 07:13:34,934 - INFO - 
--------------------------------------------------
2025-09-27 07:13:34,935 - INFO - EPOCH SUMMARY
2025-09-27 07:13:34,935 - INFO - --------------------------------------------------
2025-09-27 07:13:34,935 - INFO - Train Loss: 0.0594 | Train Acc: 98.15%
2025-09-27 07:13:34,935 - INFO - Test Loss:  0.0316 | Test Acc:  99.17%
2025-09-27 07:13:34,935 - INFO - Learning Rate: 0.001000
2025-09-27 07:13:34,935 - INFO - --------------------------------------------------
2025-09-27 07:13:34,935 - INFO - 
Epoch [6/15]
2025-09-27 07:13:34,935 - INFO - Learning Rate: 0.001000
2025-09-27 07:14:01,192 - INFO - 
--------------------------------------------------
2025-09-27 07:14:01,192 - INFO - EPOCH SUMMARY
2025-09-27 07:14:01,192 - INFO - --------------------------------------------------
2025-09-27 07:14:01,192 - INFO - Train Loss: 0.0521 | Train Acc: 98.36%
2025-09-27 07:14:01,192 - INFO - Test Loss:  0.0332 | Test Acc:  99.06%
2025-09-27 07:14:01,192 - INFO - Learning Rate: 0.001000
2025-09-27 07:14:01,192 - INFO - --------------------------------------------------
2025-09-27 07:14:01,192 - INFO - 
Epoch [7/15]
2025-09-27 07:14:01,192 - INFO - Learning Rate: 0.001000
2025-09-27 07:14:27,411 - INFO - 
--------------------------------------------------
2025-09-27 07:14:27,411 - INFO - EPOCH SUMMARY
2025-09-27 07:14:27,411 - INFO - --------------------------------------------------
2025-09-27 07:14:27,411 - INFO - Train Loss: 0.0496 | Train Acc: 98.53%
2025-09-27 07:14:27,411 - INFO - Test Loss:  0.0316 | Test Acc:  99.13%
2025-09-27 07:14:27,411 - INFO - Learning Rate: 0.001000
2025-09-27 07:14:27,411 - INFO - --------------------------------------------------
2025-09-27 07:14:27,411 - INFO - 
Epoch [8/15]
2025-09-27 07:14:27,411 - INFO - Learning Rate: 0.001000
2025-09-27 07:14:53,737 - INFO - 
--------------------------------------------------
2025-09-27 07:14:53,737 - INFO - EPOCH SUMMARY
2025-09-27 07:14:53,737 - INFO - --------------------------------------------------
2025-09-27 07:14:53,737 - INFO - Train Loss: 0.0462 | Train Acc: 98.59%
2025-09-27 07:14:53,737 - INFO - Test Loss:  0.0261 | Test Acc:  99.26%
2025-09-27 07:14:53,737 - INFO - Learning Rate: 0.001000
2025-09-27 07:14:53,737 - INFO - --------------------------------------------------
2025-09-27 07:14:53,737 - INFO - 
Epoch [9/15]
2025-09-27 07:14:53,737 - INFO - Learning Rate: 0.001000
2025-09-27 07:15:20,019 - INFO - 
--------------------------------------------------
2025-09-27 07:15:20,019 - INFO - EPOCH SUMMARY
2025-09-27 07:15:20,019 - INFO - --------------------------------------------------
2025-09-27 07:15:20,019 - INFO - Train Loss: 0.0437 | Train Acc: 98.65%
2025-09-27 07:15:20,019 - INFO - Test Loss:  0.0270 | Test Acc:  99.18%
2025-09-27 07:15:20,019 - INFO - Learning Rate: 0.001000
2025-09-27 07:15:20,019 - INFO - --------------------------------------------------
2025-09-27 07:15:20,019 - INFO - 
Epoch [10/15]
2025-09-27 07:15:20,019 - INFO - Learning Rate: 0.001000
2025-09-27 07:15:46,196 - INFO - 
--------------------------------------------------
2025-09-27 07:15:46,197 - INFO - EPOCH SUMMARY
2025-09-27 07:15:46,197 - INFO - --------------------------------------------------
2025-09-27 07:15:46,197 - INFO - Train Loss: 0.0422 | Train Acc: 98.79%
2025-09-27 07:15:46,197 - INFO - Test Loss:  0.0248 | Test Acc:  99.30%
2025-09-27 07:15:46,197 - INFO - Learning Rate: 0.001000
2025-09-27 07:15:46,197 - INFO - --------------------------------------------------
2025-09-27 07:15:46,197 - INFO - 
Epoch [11/15]
2025-09-27 07:15:46,197 - INFO - Learning Rate: 0.001000
2025-09-27 07:16:12,415 - INFO - 
--------------------------------------------------
2025-09-27 07:16:12,415 - INFO - EPOCH SUMMARY
2025-09-27 07:16:12,415 - INFO - --------------------------------------------------
2025-09-27 07:16:12,415 - INFO - Train Loss: 0.0395 | Train Acc: 98.77%
2025-09-27 07:16:12,415 - INFO - Test Loss:  0.0320 | Test Acc:  99.15%
2025-09-27 07:16:12,415 - INFO - Learning Rate: 0.001000
2025-09-27 07:16:12,415 - INFO - --------------------------------------------------
2025-09-27 07:16:12,415 - INFO - 
Epoch [12/15]
2025-09-27 07:16:12,415 - INFO - Learning Rate: 0.001000
2025-09-27 07:16:38,847 - INFO - 
--------------------------------------------------
2025-09-27 07:16:38,847 - INFO - EPOCH SUMMARY
2025-09-27 07:16:38,847 - INFO - --------------------------------------------------
2025-09-27 07:16:38,847 - INFO - Train Loss: 0.0378 | Train Acc: 98.85%
2025-09-27 07:16:38,847 - INFO - Test Loss:  0.0269 | Test Acc:  99.24%
2025-09-27 07:16:38,847 - INFO - Learning Rate: 0.001000
2025-09-27 07:16:38,847 - INFO - --------------------------------------------------
2025-09-27 07:16:38,847 - INFO - 
Epoch [13/15]
2025-09-27 07:16:38,847 - INFO - Learning Rate: 0.001000
2025-09-27 07:17:05,056 - INFO - 
--------------------------------------------------
2025-09-27 07:17:05,056 - INFO - EPOCH SUMMARY
2025-09-27 07:17:05,056 - INFO - --------------------------------------------------
2025-09-27 07:17:05,056 - INFO - Train Loss: 0.0392 | Train Acc: 98.83%
2025-09-27 07:17:05,056 - INFO - Test Loss:  0.0240 | Test Acc:  99.33%
2025-09-27 07:17:05,056 - INFO - Learning Rate: 0.001000
2025-09-27 07:17:05,056 - INFO - --------------------------------------------------
2025-09-27 07:17:05,056 - INFO - 
Epoch [14/15]
2025-09-27 07:17:05,056 - INFO - Learning Rate: 0.001000
2025-09-27 07:17:31,257 - INFO - 
--------------------------------------------------
2025-09-27 07:17:31,257 - INFO - EPOCH SUMMARY
2025-09-27 07:17:31,257 - INFO - --------------------------------------------------
2025-09-27 07:17:31,257 - INFO - Train Loss: 0.0379 | Train Acc: 98.85%
2025-09-27 07:17:31,257 - INFO - Test Loss:  0.0252 | Test Acc:  99.24%
2025-09-27 07:17:31,257 - INFO - Learning Rate: 0.001000
2025-09-27 07:17:31,257 - INFO - --------------------------------------------------
2025-09-27 07:17:31,257 - INFO - 
Epoch [15/15]
2025-09-27 07:17:31,257 - INFO - Learning Rate: 0.001000
2025-09-27 07:17:57,544 - INFO - 
--------------------------------------------------
2025-09-27 07:17:57,544 - INFO - EPOCH SUMMARY
2025-09-27 07:17:57,544 - INFO - --------------------------------------------------
2025-09-27 07:17:57,544 - INFO - Train Loss: 0.0358 | Train Acc: 98.91%
2025-09-27 07:17:57,544 - INFO - Test Loss:  0.0234 | Test Acc:  99.36%
2025-09-27 07:17:57,544 - INFO - Learning Rate: 0.001000
2025-09-27 07:17:57,544 - INFO - --------------------------------------------------
2025-09-27 07:17:57,544 - INFO - 
============================================================
2025-09-27 07:17:57,544 - INFO - TRAINING COMPLETED
2025-09-27 07:17:57,544 - INFO - ============================================================
2025-09-27 07:17:57,544 - INFO - Total training time: 390.89 seconds
2025-09-27 07:17:57,544 - INFO - Best train accuracy: 98.91%
2025-09-27 07:17:57,544 - INFO - Best test accuracy: 99.36%
2025-09-27 07:17:57,544 - INFO - Final train accuracy: 98.91%
2025-09-27 07:17:57,544 - INFO - Final test accuracy: 99.36%
2025-09-27 07:17:57,892 - INFO - 
Model and plots saved in 'model1/'
