2025-09-27 06:59:51,846 - INFO - Starting training for model: model2
2025-09-27 06:59:51,846 - INFO - Using device: cpu
2025-09-27 06:59:51,846 - INFO - Created output directory: model2/
2025-09-27 06:59:51,847 - INFO - ============================================================
2025-09-27 06:59:51,847 - INFO - MNIST Training Configuration
2025-09-27 06:59:51,847 - INFO - ============================================================
2025-09-27 06:59:51,847 - INFO - batch_size: 32
2025-09-27 06:59:51,847 - INFO - epochs: 15
2025-09-27 06:59:51,847 - INFO - lr: 0.001
2025-09-27 06:59:51,847 - INFO - weight_decay: 0.0001
2025-09-27 06:59:51,847 - INFO - scheduler: plateau
2025-09-27 06:59:51,847 - INFO - patience: 3
2025-09-27 06:59:51,847 - INFO - factor: 0.5
2025-09-27 06:59:51,847 - INFO - min_lr: 1e-06
2025-09-27 06:59:51,847 - INFO - dropout: (0.05, 0.05, 0.05)
2025-09-27 06:59:51,847 - INFO - ============================================================
2025-09-27 06:59:51,847 - INFO - 
Loading MNIST dataset...
2025-09-27 06:59:51,861 - INFO - Train samples: 60000
2025-09-27 06:59:51,861 - INFO - Test samples: 10000
2025-09-27 06:59:51,861 - INFO - 
============================================================
2025-09-27 06:59:51,861 - INFO - MODEL ARCHITECTURE SUMMARY
2025-09-27 06:59:51,861 - INFO - ============================================================
2025-09-27 06:59:51,862 - INFO - Model parameters: 6,992
2025-09-27 06:59:51,862 - INFO - Dropout rates: (0.05, 0.05, 0.05)
2025-09-27 06:59:51,862 - INFO - 
Detailed Model Summary:
2025-09-27 06:59:51,864 - INFO - 
============================================================
2025-09-27 06:59:51,864 - INFO - TRAINING STARTED
2025-09-27 06:59:51,864 - INFO - ============================================================
2025-09-27 06:59:51,864 - INFO - 
Epoch [1/15]
2025-09-27 06:59:51,864 - INFO - Learning Rate: 0.001000
2025-09-27 07:00:20,414 - INFO - 
--------------------------------------------------
2025-09-27 07:00:20,414 - INFO - EPOCH SUMMARY
2025-09-27 07:00:20,414 - INFO - --------------------------------------------------
2025-09-27 07:00:20,414 - INFO - Train Loss: 0.4764 | Train Acc: 92.52%
2025-09-27 07:00:20,414 - INFO - Test Loss:  0.1111 | Test Acc:  98.27%
2025-09-27 07:00:20,414 - INFO - Learning Rate: 0.001000
2025-09-27 07:00:20,414 - INFO - --------------------------------------------------
2025-09-27 07:00:20,414 - INFO - 
Epoch [2/15]
2025-09-27 07:00:20,414 - INFO - Learning Rate: 0.001000
2025-09-27 07:00:50,036 - INFO - 
--------------------------------------------------
2025-09-27 07:00:50,036 - INFO - EPOCH SUMMARY
2025-09-27 07:00:50,036 - INFO - --------------------------------------------------
2025-09-27 07:00:50,036 - INFO - Train Loss: 0.1772 | Train Acc: 96.46%
2025-09-27 07:00:50,036 - INFO - Test Loss:  0.0656 | Test Acc:  98.72%
2025-09-27 07:00:50,036 - INFO - Learning Rate: 0.001000
2025-09-27 07:00:50,036 - INFO - --------------------------------------------------
2025-09-27 07:00:50,036 - INFO - 
Epoch [3/15]
2025-09-27 07:00:50,036 - INFO - Learning Rate: 0.001000
2025-09-27 07:01:20,247 - INFO - 
--------------------------------------------------
2025-09-27 07:01:20,247 - INFO - EPOCH SUMMARY
2025-09-27 07:01:20,247 - INFO - --------------------------------------------------
2025-09-27 07:01:20,247 - INFO - Train Loss: 0.1220 | Train Acc: 97.22%
2025-09-27 07:01:20,247 - INFO - Test Loss:  0.0474 | Test Acc:  98.94%
2025-09-27 07:01:20,247 - INFO - Learning Rate: 0.001000
2025-09-27 07:01:20,247 - INFO - --------------------------------------------------
2025-09-27 07:01:20,247 - INFO - 
Epoch [4/15]
2025-09-27 07:01:20,247 - INFO - Learning Rate: 0.001000
2025-09-27 07:01:51,890 - INFO - 
--------------------------------------------------
2025-09-27 07:01:51,890 - INFO - EPOCH SUMMARY
2025-09-27 07:01:51,890 - INFO - --------------------------------------------------
2025-09-27 07:01:51,890 - INFO - Train Loss: 0.1022 | Train Acc: 97.49%
2025-09-27 07:01:51,890 - INFO - Test Loss:  0.0367 | Test Acc:  99.09%
2025-09-27 07:01:51,890 - INFO - Learning Rate: 0.001000
2025-09-27 07:01:51,890 - INFO - --------------------------------------------------
2025-09-27 07:01:51,890 - INFO - 
Epoch [5/15]
2025-09-27 07:01:51,890 - INFO - Learning Rate: 0.001000
2025-09-27 07:02:21,433 - INFO - 
--------------------------------------------------
2025-09-27 07:02:21,433 - INFO - EPOCH SUMMARY
2025-09-27 07:02:21,433 - INFO - --------------------------------------------------
2025-09-27 07:02:21,433 - INFO - Train Loss: 0.0860 | Train Acc: 97.82%
2025-09-27 07:02:21,433 - INFO - Test Loss:  0.0374 | Test Acc:  98.99%
2025-09-27 07:02:21,433 - INFO - Learning Rate: 0.001000
2025-09-27 07:02:21,433 - INFO - --------------------------------------------------
2025-09-27 07:02:21,433 - INFO - 
Epoch [6/15]
2025-09-27 07:02:21,433 - INFO - Learning Rate: 0.001000
2025-09-27 07:02:51,093 - INFO - 
--------------------------------------------------
2025-09-27 07:02:51,093 - INFO - EPOCH SUMMARY
2025-09-27 07:02:51,093 - INFO - --------------------------------------------------
2025-09-27 07:02:51,093 - INFO - Train Loss: 0.0781 | Train Acc: 97.96%
2025-09-27 07:02:51,093 - INFO - Test Loss:  0.0371 | Test Acc:  99.05%
2025-09-27 07:02:51,093 - INFO - Learning Rate: 0.001000
2025-09-27 07:02:51,093 - INFO - --------------------------------------------------
2025-09-27 07:02:51,093 - INFO - 
Epoch [7/15]
2025-09-27 07:02:51,093 - INFO - Learning Rate: 0.001000
2025-09-27 07:03:20,691 - INFO - 
--------------------------------------------------
2025-09-27 07:03:20,692 - INFO - EPOCH SUMMARY
2025-09-27 07:03:20,692 - INFO - --------------------------------------------------
2025-09-27 07:03:20,692 - INFO - Train Loss: 0.0705 | Train Acc: 98.16%
2025-09-27 07:03:20,692 - INFO - Test Loss:  0.0288 | Test Acc:  99.22%
2025-09-27 07:03:20,692 - INFO - Learning Rate: 0.001000
2025-09-27 07:03:20,692 - INFO - --------------------------------------------------
2025-09-27 07:03:20,692 - INFO - 
Epoch [8/15]
2025-09-27 07:03:20,692 - INFO - Learning Rate: 0.001000
2025-09-27 07:03:50,533 - INFO - 
--------------------------------------------------
2025-09-27 07:03:50,533 - INFO - EPOCH SUMMARY
2025-09-27 07:03:50,533 - INFO - --------------------------------------------------
2025-09-27 07:03:50,533 - INFO - Train Loss: 0.0664 | Train Acc: 98.25%
2025-09-27 07:03:50,533 - INFO - Test Loss:  0.0349 | Test Acc:  99.01%
2025-09-27 07:03:50,533 - INFO - Learning Rate: 0.001000
2025-09-27 07:03:50,533 - INFO - --------------------------------------------------
2025-09-27 07:03:50,533 - INFO - 
Epoch [9/15]
2025-09-27 07:03:50,533 - INFO - Learning Rate: 0.001000
2025-09-27 07:04:20,784 - INFO - 
--------------------------------------------------
2025-09-27 07:04:20,784 - INFO - EPOCH SUMMARY
2025-09-27 07:04:20,784 - INFO - --------------------------------------------------
2025-09-27 07:04:20,784 - INFO - Train Loss: 0.0612 | Train Acc: 98.38%
2025-09-27 07:04:20,784 - INFO - Test Loss:  0.0282 | Test Acc:  99.22%
2025-09-27 07:04:20,784 - INFO - Learning Rate: 0.001000
2025-09-27 07:04:20,784 - INFO - --------------------------------------------------
2025-09-27 07:04:20,784 - INFO - 
Epoch [10/15]
2025-09-27 07:04:20,784 - INFO - Learning Rate: 0.001000
2025-09-27 07:04:52,069 - INFO - 
--------------------------------------------------
2025-09-27 07:04:52,070 - INFO - EPOCH SUMMARY
2025-09-27 07:04:52,070 - INFO - --------------------------------------------------
2025-09-27 07:04:52,070 - INFO - Train Loss: 0.0612 | Train Acc: 98.28%
2025-09-27 07:04:52,070 - INFO - Test Loss:  0.0273 | Test Acc:  99.19%
2025-09-27 07:04:52,070 - INFO - Learning Rate: 0.001000
2025-09-27 07:04:52,070 - INFO - --------------------------------------------------
2025-09-27 07:04:52,070 - INFO - 
Epoch [11/15]
2025-09-27 07:04:52,070 - INFO - Learning Rate: 0.001000
2025-09-27 07:05:21,632 - INFO - 
--------------------------------------------------
2025-09-27 07:05:21,632 - INFO - EPOCH SUMMARY
2025-09-27 07:05:21,632 - INFO - --------------------------------------------------
2025-09-27 07:05:21,632 - INFO - Train Loss: 0.0564 | Train Acc: 98.43%
2025-09-27 07:05:21,632 - INFO - Test Loss:  0.0317 | Test Acc:  99.14%
2025-09-27 07:05:21,632 - INFO - Learning Rate: 0.001000
2025-09-27 07:05:21,632 - INFO - --------------------------------------------------
2025-09-27 07:05:21,632 - INFO - 
Epoch [12/15]
2025-09-27 07:05:21,632 - INFO - Learning Rate: 0.001000
2025-09-27 07:05:51,024 - INFO - 
--------------------------------------------------
2025-09-27 07:05:51,024 - INFO - EPOCH SUMMARY
2025-09-27 07:05:51,024 - INFO - --------------------------------------------------
2025-09-27 07:05:51,024 - INFO - Train Loss: 0.0550 | Train Acc: 98.45%
2025-09-27 07:05:51,024 - INFO - Test Loss:  0.0303 | Test Acc:  99.16%
2025-09-27 07:05:51,024 - INFO - Learning Rate: 0.001000
2025-09-27 07:05:51,024 - INFO - --------------------------------------------------
2025-09-27 07:05:51,024 - INFO - 
Epoch [13/15]
2025-09-27 07:05:51,024 - INFO - Learning Rate: 0.001000
2025-09-27 07:06:20,709 - INFO - 
--------------------------------------------------
2025-09-27 07:06:20,710 - INFO - EPOCH SUMMARY
2025-09-27 07:06:20,710 - INFO - --------------------------------------------------
2025-09-27 07:06:20,710 - INFO - Train Loss: 0.0530 | Train Acc: 98.50%
2025-09-27 07:06:20,710 - INFO - Test Loss:  0.0236 | Test Acc:  99.36%
2025-09-27 07:06:20,710 - INFO - Learning Rate: 0.001000
2025-09-27 07:06:20,710 - INFO - --------------------------------------------------
2025-09-27 07:06:20,710 - INFO - 
Epoch [14/15]
2025-09-27 07:06:20,710 - INFO - Learning Rate: 0.001000
2025-09-27 07:06:51,016 - INFO - 
--------------------------------------------------
2025-09-27 07:06:51,016 - INFO - EPOCH SUMMARY
2025-09-27 07:06:51,016 - INFO - --------------------------------------------------
2025-09-27 07:06:51,016 - INFO - Train Loss: 0.0499 | Train Acc: 98.62%
2025-09-27 07:06:51,016 - INFO - Test Loss:  0.0230 | Test Acc:  99.32%
2025-09-27 07:06:51,016 - INFO - Learning Rate: 0.001000
2025-09-27 07:06:51,016 - INFO - --------------------------------------------------
2025-09-27 07:06:51,016 - INFO - 
Epoch [15/15]
2025-09-27 07:06:51,016 - INFO - Learning Rate: 0.001000
2025-09-27 07:07:20,531 - INFO - 
--------------------------------------------------
2025-09-27 07:07:20,531 - INFO - EPOCH SUMMARY
2025-09-27 07:07:20,531 - INFO - --------------------------------------------------
2025-09-27 07:07:20,531 - INFO - Train Loss: 0.0464 | Train Acc: 98.72%
2025-09-27 07:07:20,531 - INFO - Test Loss:  0.0231 | Test Acc:  99.32%
2025-09-27 07:07:20,531 - INFO - Learning Rate: 0.001000
2025-09-27 07:07:20,531 - INFO - --------------------------------------------------
2025-09-27 07:07:20,531 - INFO - 
============================================================
2025-09-27 07:07:20,531 - INFO - TRAINING COMPLETED
2025-09-27 07:07:20,531 - INFO - ============================================================
2025-09-27 07:07:20,532 - INFO - Total training time: 448.67 seconds
2025-09-27 07:07:20,532 - INFO - Best train accuracy: 98.72%
2025-09-27 07:07:20,532 - INFO - Best test accuracy: 99.36%
2025-09-27 07:07:20,532 - INFO - Final train accuracy: 98.72%
2025-09-27 07:07:20,532 - INFO - Final test accuracy: 99.32%
2025-09-27 07:07:20,878 - INFO - 
Model and plots saved in 'model2/'
